{
  "numTotalTestSuites": 2,
  "numPassedTestSuites": 1,
  "numFailedTestSuites": 1,
  "numTotalTests": 3,
  "numPassedTests": 1,
  "numFailedTests": 1,
  "numPendingTests": 1,
  "startTime": 1786500000000,
  "success": false,
  "testResults": [
    {
      "name": "src/calc.test.ts",
      "status": "failed",
      "startTime": 1786500000100,
      "endTime": 1786500000180,
      "assertionResults": [
        {
          "ancestorTitles": ["calc"],
          "fullName": "calc > adds",
          "title": "adds",
          "status": "passed",
          "duration": 3
        },
        {
          "ancestorTitles": ["calc"],
          "fullName": "calc > subtracts",
          "title": "subtracts",
          "status": "failed",
          "duration": 5,
          "failureMessages": ["expected 1 to be 2 // Object.is equality"]
        }
      ]
    },
    {
      "name": "src/io.test.ts",
      "status": "passed",
      "startTime": 1786500000200,
      "endTime": 1786500000230,
      "assertionResults": [
        {
          "ancestorTitles": ["io"],
          "fullName": "io > reads",
          "title": "reads",
          "status": "skipped",
          "duration": 0
        }
      ]
    }
  ]
}
